<?xml version="1.0" encoding="UTF-8"?>
<!-- Generated by org.testng.reporters.JUnitReportReporter -->
<testsuite skipped="0" hostname="Dell-PC" name="APITestTwo" tests="1" failures="0" timestamp="2021-07-20T08:48:43 NZST" time="2.493" errors="0">
  <testcase name="GetResponseCode" time="2.493" classname="APITestTwo"/>
  <system-out/>
</testsuite> <!-- APITestTwo -->
