<?xml version="1.0" encoding="UTF-8"?>
<!-- Generated by org.testng.reporters.JUnitReportReporter -->
<testsuite skipped="0" hostname="Dell-PC" name="APITEST" tests="1" failures="0" timestamp="2021-07-20T08:19:40 NZST" time="3.641" errors="0">
  <testcase name="GetResponseCode" time="3.641" classname="APITEST"/>
  <system-out/>
</testsuite> <!-- APITEST -->
